<?xml version="1.0" encoding="UTF-8"?>
<Site BuildName="(empty)"
	BuildStamp="20240123-1359-Experimental"
	Name="kratos"
	Generator="ctest-3.16.3"
	CompilerName="/usr/bin/c++"
	CompilerVersion="9.4.0"
	OSName="Linux"
	Hostname="kratos"
	OSRelease="5.15.0-67-generic"
	OSVersion="#74~20.04.1-Ubuntu SMP Wed Feb 22 14:52:34 UTC 2023"
	OSPlatform="x86_64"
	Is64Bits="1"
	VendorString="AuthenticAMD"
	VendorID="Advanced Micro Devices"
	FamilyID="25"
	ModelID="68"
	ProcessorCacheSize="512"
	NumberOfLogicalCPU="16"
	NumberOfPhysicalCPU="8"
	TotalVirtualMemory="2047"
	TotalPhysicalMemory="30852"
	LogicalProcessorsPerPhysical="2"
	ProcessorClockFrequency="3545.11"
	>
	<Testing>
		<StartDateTime>Jan 23 14:59 CET</StartDateTime>
		<StartTestTime>1706018366</StartTestTime>
		<TestList/>
		<EndDateTime>Jan 23 14:59 CET</EndDateTime>
		<EndTestTime>1706018366</EndTestTime>
		<ElapsedMinutes>0</ElapsedMinutes>
	</Testing>
</Site>
